<?xml version="1.0" encoding="UTF-8" ?>
<testsuite failures="0" time="0.012" errors="0" skipped="0" tests="2" name="jira.releaser.IssueReleaserTest">
  <properties>
    <property name="java.runtime.name" value="Java(TM) SE Runtime Environment"/>
    <property name="sun.boot.library.path" value="/System/Library/Java/JavaVirtualMachines/1.6.0.jdk/Contents/Libraries"/>
    <property name="java.vm.version" value="20.6-b01-415"/>
    <property name="awt.nativeDoubleBuffering" value="true"/>
    <property name="gopherProxySet" value="false"/>
    <property name="mrj.build" value="11M3646"/>
    <property name="java.vm.vendor" value="Apple Inc."/>
    <property name="java.vendor.url" value="http://www.apple.com/"/>
    <property name="path.separator" value=":"/>
    <property name="java.vm.name" value="Java HotSpot(TM) 64-Bit Server VM"/>
    <property name="file.encoding.pkg" value="sun.io"/>
    <property name="user.country" value="US"/>
    <property name="sun.java.launcher" value="SUN_STANDARD"/>
    <property name="sun.os.patch.level" value="unknown"/>
    <property name="java.vm.specification.name" value="Java Virtual Machine Specification"/>
    <property name="user.dir" value="/Users/ca/git/jira-releaser"/>
    <property name="java.runtime.version" value="1.6.0_31-b04-415-11M3646"/>
    <property name="java.awt.graphicsenv" value="apple.awt.CGraphicsEnvironment"/>
    <property name="basedir" value="/Users/ca/git/jira-releaser"/>
    <property name="java.endorsed.dirs" value="/System/Library/Java/JavaVirtualMachines/1.6.0.jdk/Contents/Home/lib/endorsed"/>
    <property name="os.arch" value="x86_64"/>
    <property name="surefire.real.class.path" value="/Users/ca/git/jira-releaser/target/surefire/surefirebooter4664921393109940792.jar"/>
    <property name="java.io.tmpdir" value="/var/folders/xk/_m8vn_yn5gn6_839cs10j4p00000gn/T/"/>
    <property name="line.separator" value="
"/>
    <property name="java.vm.specification.vendor" value="Sun Microsystems Inc."/>
    <property name="os.name" value="Mac OS X"/>
    <property name="sun.jnu.encoding" value="MacRoman"/>
    <property name="java.library.path" value=".:/Users/ca/Library/Java/Extensions:/Library/Java/Extensions:/System/Library/Java/Extensions:/usr/lib/java"/>
    <property name="surefire.test.class.path" value="/Users/ca/git/jira-releaser/target/test-classes:/Users/ca/git/jira-releaser/target/classes:/Users/ca/.m2/repository/com/atlassian/jira/plugins/jira-soapclient/4.0.0-rc1/jira-soapclient-4.0.0-rc1.jar:/Users/ca/.m2/repository/axis/axis/1.3/axis-1.3.jar:/Users/ca/.m2/repository/wsdl4j/wsdl4j/1.5.1/wsdl4j-1.5.1.jar:/Users/ca/.m2/repository/commons-logging/commons-logging/1.0.4/commons-logging-1.0.4.jar:/Users/ca/.m2/repository/commons-discovery/commons-discovery/0.2/commons-discovery-0.2.jar:/Users/ca/.m2/repository/axis/axis-jaxrpc/1.3/axis-jaxrpc-1.3.jar:/Users/ca/.m2/repository/axis/axis-saaj/1.3/axis-saaj-1.3.jar:/Users/ca/.m2/repository/axis/axis-wsdl4j/1.5.1/axis-wsdl4j-1.5.1.jar:/Users/ca/.m2/repository/junit/junit/4.10/junit-4.10.jar:/Users/ca/.m2/repository/org/apache/directory/studio/org.apache.logging.log4j/1.2.14/org.apache.logging.log4j-1.2.14.jar:/Users/ca/.m2/repository/log4j/log4j/1.2.14/log4j-1.2.14.jar:/Users/ca/.m2/repository/com/beust/jcommander/1.23/jcommander-1.23.jar:/Users/ca/.m2/repository/org/mockito/mockito-all/1.9.0/mockito-all-1.9.0.jar:/Users/ca/.m2/repository/com/google/guava/guava/11.0.1/guava-11.0.1.jar:/Users/ca/.m2/repository/com/google/code/findbugs/jsr305/1.3.9/jsr305-1.3.9.jar:/Users/ca/.m2/repository/org/hamcrest/hamcrest-core/1.3.RC2/hamcrest-core-1.3.RC2.jar:/Users/ca/.m2/repository/org/hamcrest/hamcrest-library/1.3.RC2/hamcrest-library-1.3.RC2.jar:/Users/ca/.m2/repository/xom/xom/1.1/xom-1.1.jar:/Users/ca/.m2/repository/xerces/xmlParserAPIs/2.6.2/xmlParserAPIs-2.6.2.jar:/Users/ca/.m2/repository/xerces/xercesImpl/2.6.2/xercesImpl-2.6.2.jar:/Users/ca/.m2/repository/xalan/xalan/2.7.0/xalan-2.7.0.jar:/Users/ca/.m2/repository/xml-apis/xml-apis/1.0.b2/xml-apis-1.0.b2.jar:/Users/ca/.m2/repository/jaxen/jaxen/1.1-beta-8/jaxen-1.1-beta-8.jar:/Users/ca/.m2/repository/dom4j/dom4j/1.6.1/dom4j-1.6.1.jar:/Users/ca/.m2/repository/jdom/jdom/1.0/jdom-1.0.jar:"/>
    <property name="java.specification.name" value="Java Platform API Specification"/>
    <property name="java.class.version" value="50.0"/>
    <property name="sun.management.compiler" value="HotSpot 64-Bit Tiered Compilers"/>
    <property name="os.version" value="10.7.3"/>
    <property name="http.nonProxyHosts" value="local|*.local|169.254/16|*.169.254/16"/>
    <property name="user.home" value="/Users/ca"/>
    <property name="user.timezone" value="Europe/Stockholm"/>
    <property name="java.awt.printerjob" value="apple.awt.CPrinterJob"/>
    <property name="java.specification.version" value="1.6"/>
    <property name="file.encoding" value="MacRoman"/>
    <property name="user.name" value="ca"/>
    <property name="java.class.path" value="/Users/ca/git/jira-releaser/target/test-classes:/Users/ca/git/jira-releaser/target/classes:/Users/ca/.m2/repository/com/atlassian/jira/plugins/jira-soapclient/4.0.0-rc1/jira-soapclient-4.0.0-rc1.jar:/Users/ca/.m2/repository/axis/axis/1.3/axis-1.3.jar:/Users/ca/.m2/repository/wsdl4j/wsdl4j/1.5.1/wsdl4j-1.5.1.jar:/Users/ca/.m2/repository/commons-logging/commons-logging/1.0.4/commons-logging-1.0.4.jar:/Users/ca/.m2/repository/commons-discovery/commons-discovery/0.2/commons-discovery-0.2.jar:/Users/ca/.m2/repository/axis/axis-jaxrpc/1.3/axis-jaxrpc-1.3.jar:/Users/ca/.m2/repository/axis/axis-saaj/1.3/axis-saaj-1.3.jar:/Users/ca/.m2/repository/axis/axis-wsdl4j/1.5.1/axis-wsdl4j-1.5.1.jar:/Users/ca/.m2/repository/junit/junit/4.10/junit-4.10.jar:/Users/ca/.m2/repository/org/apache/directory/studio/org.apache.logging.log4j/1.2.14/org.apache.logging.log4j-1.2.14.jar:/Users/ca/.m2/repository/log4j/log4j/1.2.14/log4j-1.2.14.jar:/Users/ca/.m2/repository/com/beust/jcommander/1.23/jcommander-1.23.jar:/Users/ca/.m2/repository/org/mockito/mockito-all/1.9.0/mockito-all-1.9.0.jar:/Users/ca/.m2/repository/com/google/guava/guava/11.0.1/guava-11.0.1.jar:/Users/ca/.m2/repository/com/google/code/findbugs/jsr305/1.3.9/jsr305-1.3.9.jar:/Users/ca/.m2/repository/org/hamcrest/hamcrest-core/1.3.RC2/hamcrest-core-1.3.RC2.jar:/Users/ca/.m2/repository/org/hamcrest/hamcrest-library/1.3.RC2/hamcrest-library-1.3.RC2.jar:/Users/ca/.m2/repository/xom/xom/1.1/xom-1.1.jar:/Users/ca/.m2/repository/xerces/xmlParserAPIs/2.6.2/xmlParserAPIs-2.6.2.jar:/Users/ca/.m2/repository/xerces/xercesImpl/2.6.2/xercesImpl-2.6.2.jar:/Users/ca/.m2/repository/xalan/xalan/2.7.0/xalan-2.7.0.jar:/Users/ca/.m2/repository/xml-apis/xml-apis/1.0.b2/xml-apis-1.0.b2.jar:/Users/ca/.m2/repository/jaxen/jaxen/1.1-beta-8/jaxen-1.1-beta-8.jar:/Users/ca/.m2/repository/dom4j/dom4j/1.6.1/dom4j-1.6.1.jar:/Users/ca/.m2/repository/jdom/jdom/1.0/jdom-1.0.jar:"/>
    <property name="java.vm.specification.version" value="1.0"/>
    <property name="sun.arch.data.model" value="64"/>
    <property name="java.home" value="/System/Library/Java/JavaVirtualMachines/1.6.0.jdk/Contents/Home"/>
    <property name="sun.java.command" value="/Users/ca/git/jira-releaser/target/surefire/surefirebooter4664921393109940792.jar /Users/ca/git/jira-releaser/target/surefire/surefire5240610393971497914tmp /Users/ca/git/jira-releaser/target/surefire/surefire7495381937656738018tmp"/>
    <property name="java.specification.vendor" value="Sun Microsystems Inc."/>
    <property name="user.language" value="en"/>
    <property name="awt.toolkit" value="apple.awt.CToolkit"/>
    <property name="java.vm.info" value="mixed mode"/>
    <property name="java.version" value="1.6.0_31"/>
    <property name="java.ext.dirs" value="/Users/ca/Library/Java/Extensions:/Library/Java/Extensions:/System/Library/Java/Extensions:/System/Library/Java/JavaVirtualMachines/1.6.0.jdk/Contents/Home/lib/ext"/>
    <property name="sun.boot.class.path" value="/System/Library/Java/JavaVirtualMachines/1.6.0.jdk/Contents/Classes/jsfd.jar:/System/Library/Java/JavaVirtualMachines/1.6.0.jdk/Contents/Classes/classes.jar:/System/Library/Frameworks/JavaVM.framework/Frameworks/JavaRuntimeSupport.framework/Resources/Java/JavaRuntimeSupport.jar:/System/Library/Java/JavaVirtualMachines/1.6.0.jdk/Contents/Classes/ui.jar:/System/Library/Java/JavaVirtualMachines/1.6.0.jdk/Contents/Classes/laf.jar:/System/Library/Java/JavaVirtualMachines/1.6.0.jdk/Contents/Classes/sunrsasign.jar:/System/Library/Java/JavaVirtualMachines/1.6.0.jdk/Contents/Classes/jsse.jar:/System/Library/Java/JavaVirtualMachines/1.6.0.jdk/Contents/Classes/jce.jar:/System/Library/Java/JavaVirtualMachines/1.6.0.jdk/Contents/Classes/charsets.jar"/>
    <property name="java.vendor" value="Apple Inc."/>
    <property name="localRepository" value="/Users/ca/.m2/repository"/>
    <property name="file.separator" value="/"/>
    <property name="java.vendor.url.bug" value="http://bugreport.apple.com/"/>
    <property name="sun.cpu.endian" value="little"/>
    <property name="sun.io.unicode.encoding" value="UnicodeLittle"/>
    <property name="mrj.version" value="1070.1.6.0_31-415"/>
    <property name="socksNonProxyHosts" value="local|*.local|169.254/16|*.169.254/16"/>
    <property name="ftp.nonProxyHosts" value="local|*.local|169.254/16|*.169.254/16"/>
    <property name="sun.cpu.isalist" value=""/>
  </properties>
  <testcase time="0.005" classname="jira.releaser.IssueReleaserTest" name="shouldAddExistingFixVersionToIssue"/>
  <testcase time="0.003" classname="jira.releaser.IssueReleaserTest" name="shouldCreateAndAddFixVersionToIssue"/>
</testsuite>